2827712
6449350
7252581
6774233
8965262
3464449
16165108
7517735
2679037
7165542
13355369
709756
11587179
11030494
11876434
2995765
12583463
13777987
11401
7720301
11457991
5563818
4689666
14222287
10136097
1343847
288675
11673573
7101496
10992928
5499738
2230719
4332034
13305786
249633
2050027
1757633
13368874
4978586
3318692
5374130
5821222
16500327
2977608
2436745
1445037
7126211
4057098
914897
4537079
684489
8725251
7069034
8786622
3522954
14046729
5778307
3163293
7422517
6356655
12032036
9848503
8940313
14388567
4903066
11548890
2302122
2996118
5605820
25948
2120231
5290612
9817059
842058
16743149
10515124
5669154
662606
437756
362991
12148330
5109840
716206
10181965
6703732
9000321
2304368
6831042
1081187
10444553
10707114
2253960
383422
16702073
14649468
8706080
5584764
2987805
468584
3162354
