4104399
11455730
2602433
12627163
2991526
6393629
4710742
9696611
13942711
6580572
15360009
1373132
1268163
1056244
7943429
11678691
4139796
15077906
5179761
7390052
7320401
7424600
9392772
15767017
11642698
1976176
14533287
1438214
6932209
3753696
8416755
9138443
11575984
5288420
11983917
7032744
8152576
15572315
14249268
12331351
8857491
11126502
8783093
6324379
8772303
412714
11372976
15784964
12211226
3459621
12929117
5730066
15803419
321567
6433316
3928486
16181070
16398908
15107371
15367593
397221
16661502
8451724
1286301
12916755
4394450
1173863
4099628
6092638
15459531
333573
4972461
5570704
5948533
11344737
10916462
3778117
3510509
1777332
11309686
10124356
4410907
10122791
13895692
1599929
8525427
11455158
3058161
6765412
3053963
13938134
15550632
11221301
13167136
2555793
10011137
7595951
3493650
11524087
9220791
